[debug] [2025-09-15T02:36:34.584Z] ----------------------------------------------------------------------
[debug] [2025-09-15T02:36:34.588Z] Command:       /usr/local/bin/node /usr/local/bin/firebase init
[debug] [2025-09-15T02:36:34.589Z] CLI Version:   14.16.0
[debug] [2025-09-15T02:36:34.589Z] Platform:      darwin
[debug] [2025-09-15T02:36:34.589Z] Node Version:  v23.10.0
[debug] [2025-09-15T02:36:34.589Z] Time:          Sun Sep 14 2025 23:36:34 GMT-0300 (Argentina Standard Time)
[debug] [2025-09-15T02:36:34.589Z] ----------------------------------------------------------------------
[debug] 
[debug] [2025-09-15T02:36:34.674Z] > command requires scopes: ["email","openid","https://www.googleapis.com/auth/cloudplatformprojects.readonly","https://www.googleapis.com/auth/firebase","https://www.googleapis.com/auth/cloud-platform"]
[debug] [2025-09-15T02:36:34.674Z] > authorizing via signed-in user (aixarochaepet20@gmail.com)
[info] 
     ######## #### ########  ######## ########     ###     ######  ########
     ##        ##  ##     ## ##       ##     ##  ##   ##  ##       ##
     ######    ##  ########  ######   ########  #########  ######  ######
     ##        ##  ##    ##  ##       ##     ## ##     ##       ## ##
     ##       #### ##     ## ######## ########  ##     ##  ######  ########

You're about to initialize a Firebase project in this directory:

  /Users/aixa/Proyecto_movilidadUrbana

Before we get started, keep in mind:

  * You are initializing within an existing Firebase project directory

